<?xml version="1.0" encoding="UTF-8"?>
<!-- Generated by org.testng.reporters.JUnitReportReporter -->
<testsuite hostname="Santanu" failures="0" tests="4" name="Santanu.SeleniumFrameWorkDesign.tests.SubmitOrder" time="53.054" errors="0" timestamp="2025-01-11T22:28:12 IST" skipped="0">
  <testcase classname="Santanu.SeleniumFrameWorkDesign.tests.SubmitOrder" name="submitOrder" time="24.231"/>
  <system-out/>
  <testcase classname="Santanu.SeleniumFrameWorkDesign.tests.SubmitOrder" name="orderHistoryTest" time="5.292"/>
  <system-out/>
  <testcase classname="Santanu.SeleniumFrameWorkDesign.tests.SubmitOrder" name="orderHistoryTest" time="2.888"/>
  <system-out/>
  <testcase classname="Santanu.SeleniumFrameWorkDesign.tests.SubmitOrder" name="submitOrder" time="20.643"/>
  <system-out/>
</testsuite> <!-- Santanu.SeleniumFrameWorkDesign.tests.SubmitOrder -->
