<?xml version="1.0" encoding="UTF-8"?>
<!-- Generated by org.testng.reporters.JUnitReportReporter -->
<testsuite hostname="Santanu" failures="0" tests="2" name="Santanu.SeleniumFrameWorkDesign.tests.SubmitOrder" time="43.000" errors="0" timestamp="2023-11-11T03:05:28 IST" skipped="0">
  <testcase classname="Santanu.SeleniumFrameWorkDesign.tests.SubmitOrder" name="submitOrder" time="20.127"/>
  <system-out/>
  <testcase classname="Santanu.SeleniumFrameWorkDesign.tests.SubmitOrder" name="submitOrder" time="22.873"/>
  <system-out/>
</testsuite> <!-- Santanu.SeleniumFrameWorkDesign.tests.SubmitOrder -->
