<?xml version="1.0" encoding="UTF-8"?>
<!-- Generated by org.testng.reporters.JUnitReportReporter -->
<testsuite hostname="Santanu" failures="0" tests="1" name="Santanu.SeleniumFrameWorkDesign.tests.ErrorValidation" time="3.269" errors="0" timestamp="2023-11-11T18:49:25 IST" skipped="0">
  <testcase classname="Santanu.SeleniumFrameWorkDesign.tests.ErrorValidation" name="loginErrorValidations" time="3.269"/>
  <system-out/>
</testsuite> <!-- Santanu.SeleniumFrameWorkDesign.tests.ErrorValidation -->
