<?xml version="1.0" encoding="UTF-8"?>
<!-- Generated by org.testng.reporters.JUnitReportReporter -->
<testsuite hostname="Santanu" failures="0" tests="2" name="Santanu.SeleniumFrameWorkDesign.tests.ErrorValidation" time="37.676" errors="0" timestamp="2025-01-11T22:28:12 IST" skipped="0">
  <testcase classname="Santanu.SeleniumFrameWorkDesign.tests.ErrorValidation" name="productPageErrorValidations" time="30.368"/>
  <system-out/>
  <testcase classname="Santanu.SeleniumFrameWorkDesign.tests.ErrorValidation" name="loginErrorValidations" time="7.308"/>
  <system-out/>
</testsuite> <!-- Santanu.SeleniumFrameWorkDesign.tests.ErrorValidation -->
