<?xml version="1.0" encoding="UTF-8"?>
<!-- Generated by org.testng.reporters.JUnitReportReporter -->
<testsuite hostname="Santanu" failures="0" tests="2" name="Santanu.SeleniumFrameWorkDesign.tests.ErrorValidation" time="25.230" errors="0" timestamp="2023-11-12T02:30:01 IST" skipped="0">
  <testcase classname="Santanu.SeleniumFrameWorkDesign.tests.ErrorValidation" name="productPageErrorValidations" time="19.383"/>
  <system-out/>
  <testcase classname="Santanu.SeleniumFrameWorkDesign.tests.ErrorValidation" name="loginErrorValidations" time="5.847"/>
  <system-out/>
</testsuite> <!-- Santanu.SeleniumFrameWorkDesign.tests.ErrorValidation -->
