<?xml version="1.0" encoding="UTF-8"?>
<!-- Generated by org.testng.reporters.JUnitReportReporter -->
<testsuite hostname="Santanu" failures="0" tests="2" name="Santanu.SeleniumFrameWorkDesign.tests.SubmitOrder" time="37.381" errors="0" timestamp="2023-11-11T18:50:11 IST" skipped="0">
  <testcase classname="Santanu.SeleniumFrameWorkDesign.tests.SubmitOrder" name="submitOrder" time="18.117"/>
  <system-out/>
  <testcase classname="Santanu.SeleniumFrameWorkDesign.tests.SubmitOrder" name="submitOrder" time="19.264"/>
  <system-out/>
</testsuite> <!-- Santanu.SeleniumFrameWorkDesign.tests.SubmitOrder -->
