<?xml version="1.0" encoding="UTF-8"?>
<!-- Generated by org.testng.reporters.JUnitReportReporter -->
<testsuite hostname="Santanu" failures="0" tests="4" name="Santanu.SeleniumFrameWorkDesign.tests.SubmitOrder" time="42.505" errors="0" timestamp="2023-11-12T02:30:01 IST" skipped="0">
  <testcase classname="Santanu.SeleniumFrameWorkDesign.tests.SubmitOrder" name="submitOrder" time="13.842"/>
  <system-out/>
  <testcase classname="Santanu.SeleniumFrameWorkDesign.tests.SubmitOrder" name="orderHistoryTest" time="4.707"/>
  <system-out/>
  <testcase classname="Santanu.SeleniumFrameWorkDesign.tests.SubmitOrder" name="orderHistoryTest" time="3.833"/>
  <system-out/>
  <testcase classname="Santanu.SeleniumFrameWorkDesign.tests.SubmitOrder" name="submitOrder" time="20.123"/>
  <system-out/>
</testsuite> <!-- Santanu.SeleniumFrameWorkDesign.tests.SubmitOrder -->
